  [1m[35m (684.2ms)[0m  [1m[35mCREATE DATABASE "movie-search-app_development" ENCODING = 'unicode'[0m
  ↳ bin/rails:9
  [1m[35m (484.6ms)[0m  [1m[35mCREATE DATABASE "movie-search-app_test" ENCODING = 'unicode'[0m
  ↳ bin/rails:9
Started GET "/" for 127.0.0.1 at 2018-08-09 17:10:05 +0200
Processing by Rails::WelcomeController#index as HTML
  Rendering /Users/steven/.rvm/gems/ruby-2.5.1/gems/railties-5.2.1/lib/rails/templates/rails/welcome/index.html.erb
  Rendered /Users/steven/.rvm/gems/ruby-2.5.1/gems/railties-5.2.1/lib/rails/templates/rails/welcome/index.html.erb (4.0ms)
Completed 200 OK in 23ms (Views: 11.4ms | ActiveRecord: 0.0ms)


  [1m[35m (2.4ms)[0m  [1m[35mCREATE DATABASE "movie-search-app_development" ENCODING = 'unicode'[0m
  ↳ bin/rails:9
  [1m[35m (0.7ms)[0m  [1m[35mCREATE DATABASE "movie-search-app_test" ENCODING = 'unicode'[0m
  ↳ bin/rails:9
Started GET "/" for 127.0.0.1 at 2018-08-09 17:21:33 +0200
Processing by Rails::WelcomeController#index as HTML
  Rendering /Users/steven/.rvm/gems/ruby-2.5.1/gems/railties-5.2.1/lib/rails/templates/rails/welcome/index.html.erb
  Rendered /Users/steven/.rvm/gems/ruby-2.5.1/gems/railties-5.2.1/lib/rails/templates/rails/welcome/index.html.erb (2.4ms)
Completed 200 OK in 13ms (Views: 6.5ms | ActiveRecord: 0.0ms)


Started GET "/" for 127.0.0.1 at 2018-08-09 17:25:04 +0200
Processing by HomeController#index as HTML
  Rendering home/index.html.erb within layouts/application
  Rendered home/index.html.erb within layouts/application (0.4ms)
Completed 200 OK in 1130ms (Views: 1124.9ms | ActiveRecord: 0.0ms)


Started GET "/" for 127.0.0.1 at 2018-08-09 17:26:48 +0200
Processing by HomeController#index as HTML
  Rendering home/index.html.erb within layouts/application
  Rendered home/index.html.erb within layouts/application (5.7ms)
Completed 500 Internal Server Error in 17ms (ActiveRecord: 0.0ms)


  
ActionView::Template::Error (First argument in form cannot contain nil or be empty):
    1: <%= form_for @user, url: {action: "create"}, html: {class: "form-group"} do |f| %>
    2:   <%= f.text_field :username, placeholder: "Entrer ton username", class: "form-text text-muted" %>
    3:   <br /> <br />
    4:   <%= f.submit "Recherche", class: "btn btn-primary" %>
  
app/views/home/index.html.erb:1:in `_app_views_home_index_html_erb__1852888151255224918_70225910701720'
Started GET "/" for 127.0.0.1 at 2018-08-09 17:26:49 +0200
Processing by HomeController#index as HTML
  Rendering home/index.html.erb within layouts/application
  Rendered home/index.html.erb within layouts/application (3.1ms)
Completed 500 Internal Server Error in 108ms (ActiveRecord: 0.0ms)


  
ActionView::Template::Error (First argument in form cannot contain nil or be empty):
    1: <%= form_for @user, url: {action: "create"}, html: {class: "form-group"} do |f| %>
    2:   <%= f.text_field :username, placeholder: "Entrer ton username", class: "form-text text-muted" %>
    3:   <br /> <br />
    4:   <%= f.submit "Recherche", class: "btn btn-primary" %>
  
app/views/home/index.html.erb:1:in `_app_views_home_index_html_erb__1852888151255224918_70225918328660'
Started GET "/" for 127.0.0.1 at 2018-08-09 17:26:49 +0200
Processing by HomeController#index as HTML
  Rendering home/index.html.erb within layouts/application
  Rendered home/index.html.erb within layouts/application (8.2ms)
Completed 500 Internal Server Error in 38ms (ActiveRecord: 0.0ms)


  
ActionView::Template::Error (First argument in form cannot contain nil or be empty):
    1: <%= form_for @user, url: {action: "create"}, html: {class: "form-group"} do |f| %>
    2:   <%= f.text_field :username, placeholder: "Entrer ton username", class: "form-text text-muted" %>
    3:   <br /> <br />
    4:   <%= f.submit "Recherche", class: "btn btn-primary" %>
  
app/views/home/index.html.erb:1:in `_app_views_home_index_html_erb__1852888151255224918_70225916845360'
Started GET "/" for 127.0.0.1 at 2018-08-09 17:27:01 +0200
Processing by HomeController#index as HTML
  Rendering home/index.html.erb within layouts/application
  Rendered home/index.html.erb within layouts/application (2.9ms)
Completed 500 Internal Server Error in 15ms (ActiveRecord: 0.0ms)


  
ActionView::Template::Error (First argument in form cannot contain nil or be empty):
    1: <%= form_for @user, url: {action: "index"}, html: {class: "form-group"} do |f| %>
    2:   <%= f.text_field :username, placeholder: "Entrer ton username", class: "form-text text-muted" %>
    3:   <br /> <br />
    4:   <%= f.submit "Recherche", class: "btn btn-primary" %>
  
app/views/home/index.html.erb:1:in `_app_views_home_index_html_erb__1852888151255224918_70225917915440'
Started GET "/" for 127.0.0.1 at 2018-08-09 17:27:18 +0200
Processing by HomeController#index as HTML
  Rendering home/index.html.erb within layouts/application
  Rendered home/index.html.erb within layouts/application (6.5ms)
Completed 500 Internal Server Error in 16ms (ActiveRecord: 0.0ms)


  
ActionView::Template::Error (undefined method `model_name' for {:url=>{:action=>"index"}, :html=>{:class=>"form-group"}}:Hash):
    1: <%= form_for url: {action: "index"}, html: {class: "form-group"} do |f| %>
    2:   <%= f.text_field :username, placeholder: "Entrer ton username", class: "form-text text-muted" %>
    3:   <br /> <br />
    4:   <%= f.submit "Recherche", class: "btn btn-primary" %>
  
app/views/home/index.html.erb:1:in `_app_views_home_index_html_erb__1852888151255224918_70225909243580'
Started GET "/" for 127.0.0.1 at 2018-08-09 17:29:37 +0200
Processing by HomeController#index as HTML
  Rendering home/index.html.erb within layouts/application
  Rendered home/index.html.erb within layouts/application (4.0ms)
Completed 500 Internal Server Error in 14ms (ActiveRecord: 0.0ms)


  
ActionView::Template::Error (wrong number of arguments (given 0, expected 1..2)):
    1: <%= form_for do |f| %>
    2:   <%= f.text_field :username, placeholder: "Entrer ton username", class: "form-text text-muted" %>
    3:   <br /> <br />
    4:   <%= f.submit "Recherche", class: "btn btn-primary" %>
  
app/views/home/index.html.erb:1:in `_app_views_home_index_html_erb__1852888151255224918_70225880671320'
Started GET "/search" for 127.0.0.1 at 2018-08-09 17:39:43 +0200
Processing by MoviesController#search as HTML
  Rendering movies/search.html.erb within layouts/application
  Rendered movies/search.html.erb within layouts/application (0.4ms)
Completed 200 OK in 144ms (Views: 136.0ms | ActiveRecord: 0.0ms)


